# JRE version: Java(TM) SE Runtime Environment (8.0_25-b18) (build 1.8.0_25-b18)
# Java VM: Java HotSpot(TM) Client VM (25.25-b02 mixed mode windows-x86 )
Heap:
 def new generation   total 5568K, used 5060K [0x06a00000, 0x07000000, 0x0bf50000)
  eden space 4992K, 100% used [0x06a00000, 0x06ee0000, 0x06ee0000)
  from space 576K,  11% used [0x06ee0000, 0x06ef13d8, 0x06f70000)
  to   space 576K,   0% used [0x06f70000, 0x06f70000, 0x07000000)
 tenured generation   total 19668K, used 14801K [0x0bf50000, 0x0d285000, 0x16a00000)
   the space 19668K,  75% used [0x0bf50000, 0x0cdc4690, 0x0cdc4800, 0x0d285000)
 Metaspace       used 8557K, capacity 8703K, committed 8832K, reserved 9600K
GC Heap History (10 events):
Event: 2.401 GC heap before
{Heap before GC invocations=2 (full 0):
 def new generation   total 4928K, used 4418K [0x06a00000, 0x06f50000, 0x0bf50000)
  eden space 4416K, 100% used [0x06a00000, 0x06e50000, 0x06e50000)
  from space 512K,   0% used [0x06e50000, 0x06e50808, 0x06ed0000)
  to   space 512K,   0% used [0x06ed0000, 0x06ed0000, 0x06f50000)
 tenured generation   total 10944K, used 4559K [0x0bf50000, 0x0ca00000, 0x16a00000)
   the space 10944K,  41% used [0x0bf50000, 0x0c3c3df8, 0x0c3c3e00, 0x0ca00000)
 Metaspace       used 7148K, capacity 7265K, committed 7296K, reserved 7552K
Event: 2.406 GC heap after
Heap after GC invocations=3 (full 0):
 def new generation   total 4928K, used 512K [0x06a00000, 0x06f50000, 0x0bf50000)
  eden space 4416K,   0% used [0x06a00000, 0x06a00000, 0x06e50000)
  from space 512K, 100% used [0x06ed0000, 0x06f50000, 0x06f50000)
  to   space 512K,   0% used [0x06e50000, 0x06e50000, 0x06ed0000)
 tenured generation   total 10944K, used 4787K [0x0bf50000, 0x0ca00000, 0x16a00000)
   the space 10944K,  43% used [0x0bf50000, 0x0c3fcf40, 0x0c3fd000, 0x0ca00000)
 Metaspace       used 7148K, capacity 7265K, committed 7296K, reserved 7552K
}
Event: 2.613 GC heap before
{Heap before GC invocations=3 (full 0):
 def new generation   total 4928K, used 4928K [0x06a00000, 0x06f50000, 0x0bf50000)
  eden space 4416K, 100% used [0x06a00000, 0x06e50000, 0x06e50000)
  from space 512K, 100% used [0x06ed0000, 0x06f50000, 0x06f50000)
  to   space 512K,   0% used [0x06e50000, 0x06e50000, 0x06ed0000)
 tenured generation   total 10944K, used 4787K [0x0bf50000, 0x0ca00000, 0x16a00000)
   the space 10944K,  43% used [0x0bf50000, 0x0c3fcf40, 0x0c3fd000, 0x0ca00000)
 Metaspace       used 8063K, capacity 8193K, committed 8320K, reserved 8576K
Event: 2.619 GC heap after
Heap after GC invocations=4 (full 0):
 def new generation   total 4928K, used 512K [0x06a00000, 0x06f50000, 0x0bf50000)
  eden space 4416K,   0% used [0x06a00000, 0x06a00000, 0x06e50000)
  from space 512K, 100% used [0x06e50000, 0x06ed0000, 0x06ed0000)
  to   space 512K,   0% used [0x06ed0000, 0x06ed0000, 0x06f50000)
 tenured generation   total 10944K, used 6458K [0x0bf50000, 0x0ca00000, 0x16a00000)
   the space 10944K,  59% used [0x0bf50000, 0x0c59e8c8, 0x0c59ea00, 0x0ca00000)
 Metaspace       used 8063K, capacity 8193K, committed 8320K, reserved 8576K
}
Event: 23.809 GC heap before
{Heap before GC invocations=4 (full 0):
 def new generation   total 4928K, used 4913K [0x06a00000, 0x06f50000, 0x0bf50000)
  eden space 4416K,  99% used [0x06a00000, 0x06e4c6f8, 0x06e50000)
  from space 512K, 100% used [0x06e50000, 0x06ed0000, 0x06ed0000)
  to   space 512K,   0% used [0x06ed0000, 0x06ed0000, 0x06f50000)
 tenured generation   total 10944K, used 6458K [0x0bf50000, 0x0ca00000, 0x16a00000)
   the space 10944K,  59% used [0x0bf50000, 0x0c59e8c8, 0x0c59ea00, 0x0ca00000)
 Metaspace       used 8517K, capacity 8673K, committed 8704K, reserved 9600K
Event: 23.831 GC heap after
Heap after GC invocations=5 (full 1):
 def new generation   total 5568K, used 0K [0x06a00000, 0x07000000, 0x0bf50000)
  eden space 4992K,   0% used [0x06a00000, 0x06a00000, 0x06ee0000)
  from space 576K,   0% used [0x06ee0000, 0x06ee0000, 0x06f70000)
  to   space 576K,   0% used [0x06f70000, 0x06f70000, 0x07000000)
 tenured generation   total 12156K, used 7292K [0x0bf50000, 0x0cb2f000, 0x16a00000)
   the space 12156K,  59% used [0x0bf50000, 0x0c66f100, 0x0c66f200, 0x0cb2f000)
 Metaspace       used 8516K, capacity 8671K, committed 8704K, reserved 9600K
}
Event: 23.868 GC heap before
{Heap before GC invocations=5 (full 1):
 def new generation   total 5568K, used 4987K [0x06a00000, 0x07000000, 0x0bf50000)
  eden space 4992K,  99% used [0x06a00000, 0x06ededd0, 0x06ee0000)
  from space 576K,   0% used [0x06ee0000, 0x06ee0000, 0x06f70000)
  to   space 576K,   0% used [0x06f70000, 0x06f70000, 0x07000000)
 tenured generation   total 19668K, used 14801K [0x0bf50000, 0x0d285000, 0x16a00000)
   the space 19668K,  75% used [0x0bf50000, 0x0cdc4690, 0x0cdc4800, 0x0d285000)
 Metaspace       used 8516K, capacity 8671K, committed 8704K, reserved 9600K
Event: 23.870 GC heap after
Heap after GC invocations=6 (full 1):
 def new generation   total 5568K, used 1K [0x06a00000, 0x07000000, 0x0bf50000)
  eden space 4992K,   0% used [0x06a00000, 0x06a00000, 0x06ee0000)
  from space 576K,   0% used [0x06f70000, 0x06f706a8, 0x07000000)
  to   space 576K,   0% used [0x06ee0000, 0x06ee0000, 0x06f70000)
 tenured generation   total 19668K, used 14801K [0x0bf50000, 0x0d285000, 0x16a00000)
   the space 19668K,  75% used [0x0bf50000, 0x0cdc4690, 0x0cdc4800, 0x0d285000)
 Metaspace       used 8516K, capacity 8671K, committed 8704K, reserved 9600K
}
Event: 35.318 GC heap before
{Heap before GC invocations=6 (full 1):
 def new generation   total 5568K, used 4993K [0x06a00000, 0x07000000, 0x0bf50000)
  eden space 4992K, 100% used [0x06a00000, 0x06ee0000, 0x06ee0000)
  from space 576K,   0% used [0x06f70000, 0x06f706a8, 0x07000000)
  to   space 576K,   0% used [0x06ee0000, 0x06ee0000, 0x06f70000)
 tenured generation   total 19668K, used 14801K [0x0bf50000, 0x0d285000, 0x16a00000)
   the space 19668K,  75% used [0x0bf50000, 0x0cdc4690, 0x0cdc4800, 0x0d285000)
 Metaspace       used 8553K, capacity 8703K, committed 8832K, reserved 9600K
Event: 35.320 GC heap after
Heap after GC invocations=7 (full 1):
 def new generation   total 5568K, used 68K [0x06a00000, 0x07000000, 0x0bf50000)
  eden space 4992K,   0% used [0x06a00000, 0x06a00000, 0x06ee0000)
  from space 576K,  11% used [0x06ee0000, 0x06ef13d8, 0x06f70000)
  to   space 576K,   0% used [0x06f70000, 0x06f70000, 0x07000000)
 tenured generation   total 19668K, used 14801K [0x0bf50000, 0x0d285000, 0x16a00000)
   the space 19668K,  75% used [0x0bf50000, 0x0cdc4690, 0x0cdc4800, 0x0d285000)
 Metaspace       used 8553K, capacity 8703K, committed 8832K, reserved 9600K
}

